[2026-06-05 08:00:01] [IWX-CHECKER] Starting device compatibility check...
[2026-06-05 08:00:01] [DEVICE] OS: Android 13 (API 33)
[2026-06-05 08:00:01] [DEVICE] ABI: arm64-v8a
[2026-06-05 08:00:01] [DEVICE] RAM: 6144 MB
[2026-06-05 08:00:01] [DEVICE] Storage Free: 8.2 GB
[2026-06-05 08:00:02] [CHECK] Free Fire version: 6.1.3 (Build 2026060501) ... OK
[2026-06-05 08:00:02] [CHECK] Config version: OB53 ... OK
[2026-06-05 08:00:02] [CHECK] Anti-cheat bypass: AES-256 encrypted ... OK
[2026-06-05 08:00:02] [CHECK] Signature spoof: ACTIVE (v4.2)
[2026-06-05 08:00:03] [CHECK] GPU compatibility ... OK (Adreno)
[2026-06-05 08:00:03] [CHECK] Sensitivity config ... LOADED
[2026-06-05 08:00:03] [CHECK] Graphics config ... LOADED
[2026-06-05 08:00:03] [CHECK] Control layout ... LOADED
[2026-06-05 08:00:03] [CHECK] Aimbot module ... INJECTED
[2026-06-05 08:00:04] [CHECK] ESP module ... INJECTED
[2026-06-05 08:00:04] [CHECK] No-recoil module ... ACTIVE
[2026-06-05 08:00:04] [SUCCESS] All modules loaded successfully.
[2026-06-05 08:00:04] [INFO] Config aktif. Restart Free Fire untuk memulai.
-------------------------------------------------------------
DEVICE COMPATIBILITY: SUPPORTED
CONFIG STATUS: ACTIVE
ANTI-BAN: ENABLED (v4.2)
SESSION ID: IWX-8F3A2C-OB53
-------------------------------------------------------------
